<?xml version="1.0" encoding="UTF-8"?>
<!-- Generated by org.testng.reporters.JUnitReportReporter -->
<testsuite hostname="VED-APL00082" failures="0" tests="3" name="runners.TestRunner" time="45.293" errors="0" timestamp="2025-06-23T22:49:30 IST" skipped="0">
  <testcase classname="runners.TestRunner" name="runScenario" time="14.663"/>
  <system-out/>
  <testcase classname="runners.TestRunner" name="runScenario" time="13.608"/>
  <system-out/>
  <testcase classname="runners.TestRunner" name="runScenario" time="17.022"/>
  <system-out/>
</testsuite> <!-- runners.TestRunner -->
