<?xml version="1.0" encoding="UTF-8"?>
<!-- Generated by org.testng.reporters.JUnitReportReporter -->
<testsuite hostname="VED-APL00082" failures="0" tests="9" name="runners.TestRunner" time="128.006" errors="0" timestamp="2025-06-23T17:55:18 IST" skipped="0">
  <testcase classname="runners.TestRunner" name="runScenario" time="17.600"/>
  <system-out/>
  <testcase classname="runners.TestRunner" name="runScenario" time="12.731"/>
  <system-out/>
  <testcase classname="runners.TestRunner" name="runScenario" time="13.704"/>
  <system-out/>
  <testcase classname="runners.TestRunner" name="runScenario" time="13.847"/>
  <system-out/>
  <testcase classname="runners.TestRunner" name="runScenario" time="12.405"/>
  <system-out/>
  <testcase classname="runners.TestRunner" name="runScenario" time="14.561"/>
  <system-out/>
  <testcase classname="runners.TestRunner" name="runScenario" time="13.220"/>
  <system-out/>
  <testcase classname="runners.TestRunner" name="runScenario" time="15.510"/>
  <system-out/>
  <testcase classname="runners.TestRunner" name="runScenario" time="14.428"/>
  <system-out/>
</testsuite> <!-- runners.TestRunner -->
