<?xml version="1.0" encoding="UTF-8"?>
<!-- Generated by org.testng.reporters.JUnitReportReporter -->
<testsuite hostname="VED-APL00082" failures="0" tests="3" name="runners.TestRunner" time="11.458" errors="0" timestamp="2025-06-23T23:04:51 IST" skipped="0">
  <testcase classname="runners.TestRunner" name="runScenario" time="5.539"/>
  <testcase classname="runners.TestRunner" name="runScenario" time="2.829"/>
  <testcase classname="runners.TestRunner" name="runScenario" time="3.090"/>
</testsuite> <!-- runners.TestRunner -->
